  glad.c
  GLSL.cpp
  main.cpp
c:\users\mcran\471\final project\final-project-code-471\src\sound.h(104): warning C4244: '=': conversion from 'double' to 'float', possible loss of data
c:\users\mcran\471\final project\final-project-code-471\src\sound.h(109): warning C4244: 'argument': conversion from 'float' to 'int', possible loss of data
c:\users\mcran\471\final project\final-project-code-471\src\sound.h(122): warning C4244: 'argument': conversion from 'float' to 'int', possible loss of data
c:\users\mcran\471\final project\final-project-code-471\src\sound.h(204): warning C4018: '<': signed/unsigned mismatch
c:\users\mcran\471\final project\final-project-code-471\src\sound.h(213): warning C4018: '<': signed/unsigned mismatch
c:\users\mcran\471\final project\final-project-code-471\src\main.cpp(99): warning C4305: 'initializing': truncation from 'double' to 'float'
c:\users\mcran\471\final project\final-project-code-471\src\main.cpp(119): warning C4305: '=': truncation from 'double' to 'float'
c:\users\mcran\471\final project\final-project-code-471\src\main.cpp(128): warning C4305: '=': truncation from 'double' to 'float'
c:\users\mcran\471\final project\final-project-code-471\src\main.cpp(316): warning C4305: '=': truncation from 'double' to 'T'
          with
          [
              T=float
          ]
c:\users\mcran\471\final project\final-project-code-471\src\main.cpp(503): warning C4244: 'argument': conversion from 'time_t' to 'unsigned int', possible loss of data
c:\users\mcran\471\final project\final-project-code-471\src\main.cpp(1135): warning C4305: 'initializing': truncation from 'double' to 'float'
c:\users\mcran\471\final project\final-project-code-471\src\main.cpp(1155): warning C4244: '+=': conversion from 'double' to 'float', possible loss of data
c:\users\mcran\471\final project\final-project-code-471\src\main.cpp(1158): warning C4305: 'initializing': truncation from 'double' to 'float'
  MatrixStack.cpp
  Program.cpp
  Shape.cpp
c:\users\mcran\471\final project\final-project-code-471\src\shape.cpp(65): warning C4018: '<': signed/unsigned mismatch
  sound.cpp
c:\users\mcran\471\final project\final-project-code-471\src\sound.h(104): warning C4244: '=': conversion from 'double' to 'float', possible loss of data
c:\users\mcran\471\final project\final-project-code-471\src\sound.h(109): warning C4244: 'argument': conversion from 'float' to 'int', possible loss of data
c:\users\mcran\471\final project\final-project-code-471\src\sound.h(122): warning C4244: 'argument': conversion from 'float' to 'int', possible loss of data
c:\users\mcran\471\final project\final-project-code-471\src\sound.h(204): warning C4018: '<': signed/unsigned mismatch
c:\users\mcran\471\final project\final-project-code-471\src\sound.h(213): warning C4018: '<': signed/unsigned mismatch
  WindowManager.cpp
  Generating Code...
c:\users\mcran\471\final project\final-project-code-471\src\sound.cpp(89): warning C4715: 'run_mp3_thread': not all control paths return a value
c:\users\mcran\471\final project\final-project-code-471\src\sound.cpp(95): warning C4172: returning address of local variable or temporary: wc
glfw3.lib(context.obj) : warning LNK4099: PDB 'glfw.pdb' was not found with 'glfw3.lib(context.obj)' or at 'C:\Users\mcran\471\FINAL PROJECT\final-project-code-471\Debug\glfw.pdb'; linking object as if no debug info
glfw3.lib(init.obj) : warning LNK4099: PDB 'glfw.pdb' was not found with 'glfw3.lib(init.obj)' or at 'C:\Users\mcran\471\FINAL PROJECT\final-project-code-471\Debug\glfw.pdb'; linking object as if no debug info
glfw3.lib(input.obj) : warning LNK4099: PDB 'glfw.pdb' was not found with 'glfw3.lib(input.obj)' or at 'C:\Users\mcran\471\FINAL PROJECT\final-project-code-471\Debug\glfw.pdb'; linking object as if no debug info
glfw3.lib(monitor.obj) : warning LNK4099: PDB 'glfw.pdb' was not found with 'glfw3.lib(monitor.obj)' or at 'C:\Users\mcran\471\FINAL PROJECT\final-project-code-471\Debug\glfw.pdb'; linking object as if no debug info
glfw3.lib(vulkan.obj) : warning LNK4099: PDB 'glfw.pdb' was not found with 'glfw3.lib(vulkan.obj)' or at 'C:\Users\mcran\471\FINAL PROJECT\final-project-code-471\Debug\glfw.pdb'; linking object as if no debug info
glfw3.lib(window.obj) : warning LNK4099: PDB 'glfw.pdb' was not found with 'glfw3.lib(window.obj)' or at 'C:\Users\mcran\471\FINAL PROJECT\final-project-code-471\Debug\glfw.pdb'; linking object as if no debug info
glfw3.lib(win32_init.obj) : warning LNK4099: PDB 'glfw.pdb' was not found with 'glfw3.lib(win32_init.obj)' or at 'C:\Users\mcran\471\FINAL PROJECT\final-project-code-471\Debug\glfw.pdb'; linking object as if no debug info
glfw3.lib(win32_joystick.obj) : warning LNK4099: PDB 'glfw.pdb' was not found with 'glfw3.lib(win32_joystick.obj)' or at 'C:\Users\mcran\471\FINAL PROJECT\final-project-code-471\Debug\glfw.pdb'; linking object as if no debug info
glfw3.lib(win32_monitor.obj) : warning LNK4099: PDB 'glfw.pdb' was not found with 'glfw3.lib(win32_monitor.obj)' or at 'C:\Users\mcran\471\FINAL PROJECT\final-project-code-471\Debug\glfw.pdb'; linking object as if no debug info
glfw3.lib(win32_time.obj) : warning LNK4099: PDB 'glfw.pdb' was not found with 'glfw3.lib(win32_time.obj)' or at 'C:\Users\mcran\471\FINAL PROJECT\final-project-code-471\Debug\glfw.pdb'; linking object as if no debug info
glfw3.lib(win32_tls.obj) : warning LNK4099: PDB 'glfw.pdb' was not found with 'glfw3.lib(win32_tls.obj)' or at 'C:\Users\mcran\471\FINAL PROJECT\final-project-code-471\Debug\glfw.pdb'; linking object as if no debug info
glfw3.lib(win32_window.obj) : warning LNK4099: PDB 'glfw.pdb' was not found with 'glfw3.lib(win32_window.obj)' or at 'C:\Users\mcran\471\FINAL PROJECT\final-project-code-471\Debug\glfw.pdb'; linking object as if no debug info
glfw3.lib(wgl_context.obj) : warning LNK4099: PDB 'glfw.pdb' was not found with 'glfw3.lib(wgl_context.obj)' or at 'C:\Users\mcran\471\FINAL PROJECT\final-project-code-471\Debug\glfw.pdb'; linking object as if no debug info
glfw3.lib(egl_context.obj) : warning LNK4099: PDB 'glfw.pdb' was not found with 'glfw3.lib(egl_context.obj)' or at 'C:\Users\mcran\471\FINAL PROJECT\final-project-code-471\Debug\glfw.pdb'; linking object as if no debug info
  lab texture.vcxproj -> C:\Users\mcran\471\FINAL PROJECT\final-project-code-471\Debug\lab texture.exe
