c:\users\mcran\471\final project\lab texture skybox billboards\src\debug\vc141.pdb
c:\users\mcran\471\final project\lab texture skybox billboards\src\debug\vc141.idb
c:\users\mcran\471\final project\lab texture skybox billboards\src\debug\glad.obj
c:\users\mcran\471\final project\lab texture skybox billboards\src\debug\windowmanager.obj
c:\users\mcran\471\final project\lab texture skybox billboards\src\debug\shape.obj
c:\users\mcran\471\final project\lab texture skybox billboards\src\debug\program.obj
c:\users\mcran\471\final project\lab texture skybox billboards\src\debug\matrixstack.obj
c:\users\mcran\471\final project\lab texture skybox billboards\src\debug\main.obj
c:\users\mcran\471\final project\lab texture skybox billboards\src\debug\glsl.obj
c:\users\mcran\471\final project\lab texture skybox billboards\src\debug\sound.obj
c:\users\mcran\471\final project\lab texture skybox billboards\debug\lab texture.exe
c:\users\mcran\471\final project\lab texture skybox billboards\debug\lab texture.ilk
c:\users\mcran\471\final project\lab texture skybox billboards\debug\lab texture.pdb
c:\users\mcran\471\final project\final-project-code-471\src\debug\glsl.obj
c:\users\mcran\471\final project\final-project-code-471\src\debug\main.obj
c:\users\mcran\471\final project\final-project-code-471\src\debug\matrixstack.obj
c:\users\mcran\471\final project\final-project-code-471\src\debug\program.obj
c:\users\mcran\471\final project\final-project-code-471\src\debug\shape.obj
c:\users\mcran\471\final project\final-project-code-471\src\debug\sound.obj
c:\users\mcran\471\final project\final-project-code-471\src\debug\windowmanager.obj
c:\users\mcran\471\final project\final-project-code-471\src\debug\vc141.idb
c:\users\mcran\471\final project\final-project-code-471\src\debug\vc141.pdb
c:\users\mcran\471\final project\final-project-code-471\src\debug\lab texture.tlog\cl.command.1.tlog
c:\users\mcran\471\final project\final-project-code-471\src\debug\lab texture.tlog\cl.read.1.tlog
c:\users\mcran\471\final project\final-project-code-471\src\debug\lab texture.tlog\cl.write.1.tlog
c:\users\mcran\471\final project\final-project-code-471\src\debug\lab texture.tlog\link.command.1.tlog
c:\users\mcran\471\final project\final-project-code-471\src\debug\lab texture.tlog\link.read.1.tlog
c:\users\mcran\471\final project\final-project-code-471\src\debug\lab texture.tlog\link.write.1.tlog
